# JRE version: OpenJDK Runtime Environment (21.0.5) (build 21.0.5+-12932927-b750.29)
# Java VM: OpenJDK 64-Bit Server VM (21.0.5+-12932927-b750.29, mixed mode, tiered, compressed oops, compressed class ptrs, g1 gc, windows-amd64)
GC Precious Log:
 CardTable entry size: 512
 Card Set container configuration: InlinePtr #cards 5 size 8 Array Of Cards #cards 12 size 40 Howl #buckets 4 coarsen threshold 1843 Howl Bitmap #cards 512 size 80 coarsen threshold 460 Card regions per heap region 1 cards per card region 2048
 CPUs: 16 total, 16 available
 Memory: 16008M
 Large Page Support: Disabled
 NUMA Support: Disabled
 Compressed Oops: Enabled (32-bit)
 Heap Region Size: 1M
 Heap Min Capacity: 8M
 Heap Initial Capacity: 252M
 Heap Max Capacity: 2G
 Pre-touch: Disabled
 Parallel Workers: 13
 Concurrent Workers: 3
 Concurrent Refinement Workers: 13
 Periodic GC: Disabled
Heap:
 garbage-first heap   total 181248K, used 136170K [0x0000000080000000, 0x0000000100000000)
  region size 1024K, 34 young (34816K), 5 survivors (5120K)
 Metaspace       used 98287K, committed 100224K, reserved 1179648K
  class space    used 13004K, committed 13952K, reserved 1048576K
GC Heap History (20 events):
Event: 7.833 GC heap before
{Heap before GC invocations=15 (full 0):
 garbage-first heap   total 120832K, used 62729K [0x0000000080000000, 0x0000000100000000)
  region size 1024K, 11 young (11264K), 7 survivors (7168K)
 Metaspace       used 56548K, committed 58112K, reserved 1114112K
  class space    used 7628K, committed 8384K, reserved 1048576K
}
Event: 7.836 GC heap after
{Heap after GC invocations=16 (full 0):
 garbage-first heap   total 120832K, used 60875K [0x0000000080000000, 0x0000000100000000)
  region size 1024K, 2 young (2048K), 2 survivors (2048K)
 Metaspace       used 56548K, committed 58112K, reserved 1114112K
  class space    used 7628K, committed 8384K, reserved 1048576K
}
Event: 8.248 GC heap before
{Heap before GC invocations=17 (full 0):
 garbage-first heap   total 120832K, used 118219K [0x0000000080000000, 0x0000000100000000)
  region size 1024K, 45 young (46080K), 2 survivors (2048K)
 Metaspace       used 59145K, committed 60800K, reserved 1114112K
  class space    used 7887K, committed 8704K, reserved 1048576K
}
Event: 8.252 GC heap after
{Heap after GC invocations=18 (full 0):
 garbage-first heap   total 125952K, used 76990K [0x0000000080000000, 0x0000000100000000)
  region size 1024K, 6 young (6144K), 6 survivors (6144K)
 Metaspace       used 59145K, committed 60800K, reserved 1114112K
  class space    used 7887K, committed 8704K, reserved 1048576K
}
Event: 8.850 GC heap before
{Heap before GC invocations=18 (full 0):
 garbage-first heap   total 125952K, used 111806K [0x0000000080000000, 0x0000000100000000)
  region size 1024K, 40 young (40960K), 6 survivors (6144K)
 Metaspace       used 65273K, committed 66880K, reserved 1114112K
  class space    used 9122K, committed 9920K, reserved 1048576K
}
Event: 8.853 GC heap after
{Heap after GC invocations=19 (full 0):
 garbage-first heap   total 125952K, used 77630K [0x0000000080000000, 0x0000000100000000)
  region size 1024K, 2 young (2048K), 2 survivors (2048K)
 Metaspace       used 65273K, committed 66880K, reserved 1114112K
  class space    used 9122K, committed 9920K, reserved 1048576K
}
Event: 9.637 GC heap before
{Heap before GC invocations=19 (full 0):
 garbage-first heap   total 125952K, used 114494K [0x0000000080000000, 0x0000000100000000)
  region size 1024K, 38 young (38912K), 2 survivors (2048K)
 Metaspace       used 70582K, committed 72256K, reserved 1114112K
  class space    used 9803K, committed 10624K, reserved 1048576K
}
Event: 9.641 GC heap after
{Heap after GC invocations=20 (full 0):
 garbage-first heap   total 125952K, used 78518K [0x0000000080000000, 0x0000000100000000)
  region size 1024K, 3 young (3072K), 3 survivors (3072K)
 Metaspace       used 70582K, committed 72256K, reserved 1114112K
  class space    used 9803K, committed 10624K, reserved 1048576K
}
Event: 10.644 GC heap before
{Heap before GC invocations=21 (full 0):
 garbage-first heap   total 133120K, used 114358K [0x0000000080000000, 0x0000000100000000)
  region size 1024K, 38 young (38912K), 3 survivors (3072K)
 Metaspace       used 76494K, committed 78144K, reserved 1179648K
  class space    used 10515K, committed 11328K, reserved 1048576K
}
Event: 10.647 GC heap after
{Heap after GC invocations=22 (full 0):
 garbage-first heap   total 133120K, used 79287K [0x0000000080000000, 0x0000000100000000)
  region size 1024K, 3 young (3072K), 3 survivors (3072K)
 Metaspace       used 76494K, committed 78144K, reserved 1179648K
  class space    used 10515K, committed 11328K, reserved 1048576K
}
Event: 11.068 GC heap before
{Heap before GC invocations=22 (full 0):
 garbage-first heap   total 133120K, used 129463K [0x0000000080000000, 0x0000000100000000)
  region size 1024K, 45 young (46080K), 3 survivors (3072K)
 Metaspace       used 77986K, committed 79616K, reserved 1179648K
  class space    used 10672K, committed 11456K, reserved 1048576K
}
Event: 11.077 GC heap after
{Heap after GC invocations=23 (full 0):
 garbage-first heap   total 144384K, used 89063K [0x0000000080000000, 0x0000000100000000)
  region size 1024K, 6 young (6144K), 6 survivors (6144K)
 Metaspace       used 77986K, committed 79616K, reserved 1179648K
  class space    used 10672K, committed 11456K, reserved 1048576K
}
Event: 11.595 GC heap before
{Heap before GC invocations=23 (full 0):
 garbage-first heap   total 144384K, used 120807K [0x0000000080000000, 0x0000000100000000)
  region size 1024K, 38 young (38912K), 6 survivors (6144K)
 Metaspace       used 82158K, committed 83840K, reserved 1179648K
  class space    used 11143K, committed 11968K, reserved 1048576K
}
Event: 11.600 GC heap after
{Heap after GC invocations=24 (full 0):
 garbage-first heap   total 174080K, used 91642K [0x0000000080000000, 0x0000000100000000)
  region size 1024K, 2 young (2048K), 2 survivors (2048K)
 Metaspace       used 82158K, committed 83840K, reserved 1179648K
  class space    used 11143K, committed 11968K, reserved 1048576K
}
Event: 13.021 GC heap before
{Heap before GC invocations=25 (full 0):
 garbage-first heap   total 174080K, used 158202K [0x0000000080000000, 0x0000000100000000)
  region size 1024K, 60 young (61440K), 2 survivors (2048K)
 Metaspace       used 88897K, committed 90624K, reserved 1179648K
  class space    used 11799K, committed 12608K, reserved 1048576K
}
Event: 13.025 GC heap after
{Heap after GC invocations=26 (full 0):
 garbage-first heap   total 174080K, used 102691K [0x0000000080000000, 0x0000000100000000)
  region size 1024K, 6 young (6144K), 6 survivors (6144K)
 Metaspace       used 88897K, committed 90624K, reserved 1179648K
  class space    used 11799K, committed 12608K, reserved 1048576K
}
Event: 14.382 GC heap before
{Heap before GC invocations=26 (full 0):
 garbage-first heap   total 174080K, used 155939K [0x0000000080000000, 0x0000000100000000)
  region size 1024K, 58 young (59392K), 6 survivors (6144K)
 Metaspace       used 95763K, committed 97728K, reserved 1179648K
  class space    used 12710K, committed 13696K, reserved 1048576K
}
Event: 14.389 GC heap after
{Heap after GC invocations=27 (full 0):
 garbage-first heap   total 174080K, used 105595K [0x0000000080000000, 0x0000000100000000)
  region size 1024K, 4 young (4096K), 4 survivors (4096K)
 Metaspace       used 95763K, committed 97728K, reserved 1179648K
  class space    used 12710K, committed 13696K, reserved 1048576K
}
Event: 17.827 GC heap before
{Heap before GC invocations=27 (full 0):
 garbage-first heap   total 174080K, used 119931K [0x0000000080000000, 0x0000000100000000)
  region size 1024K, 19 young (19456K), 4 survivors (4096K)
 Metaspace       used 97821K, committed 99776K, reserved 1179648K
  class space    used 12945K, committed 13888K, reserved 1048576K
}
Event: 17.830 GC heap after
{Heap after GC invocations=28 (full 0):
 garbage-first heap   total 174080K, used 106474K [0x0000000080000000, 0x0000000100000000)
  region size 1024K, 5 young (5120K), 5 survivors (5120K)
 Metaspace       used 97821K, committed 99776K, reserved 1179648K
  class space    used 12945K, committed 13888K, reserved 1048576K
}

